{"/home/maik/Documents/Vtex/hello-react-ts/react/src/App.tsx": {"path":"/home/maik/Documents/Vtex/hello-react-ts/react/src/App.tsx","statementMap":{"0":{"start":{"line":7,"column":4},"end":{"line":18,"column":6}}},"fnMap":{"0":{"name":"(anonymous_0)","decl":{"start":{"line":6,"column":2},"end":{"line":6,"column":3}},"loc":{"start":{"line":6,"column":18},"end":{"line":19,"column":3}},"line":6}},"branchMap":{},"s":{"0":1},"f":{"0":1},"b":{},"_coverageSchema":"332fd63041d2c1bcb487cc26dd0d5f7d97098a6c","hash":"e18f171fdd237001b70fd7e1074f672b54758951"}
}
